<?xml version="1.0" encoding="UTF-8"?>
<testsuite name="kr.ac.ks.app.repository.CourseRepositoryTest" tests="3" skipped="0" failures="0" errors="0" timestamp="2020-06-24T05:47:21" hostname="DESKTOP-0RH6NSA" time="0.237">
  <properties/>
  <testcase name="testCreate()" classname="kr.ac.ks.app.repository.CourseRepositoryTest" time="0.198"/>
  <testcase name="testDelete()" classname="kr.ac.ks.app.repository.CourseRepositoryTest" time="0.012"/>
  <testcase name="testUpdate()" classname="kr.ac.ks.app.repository.CourseRepositoryTest" time="0.025"/>
  <system-out><![CDATA[14:47:15.776 [Test worker] DEBUG org.springframework.test.context.BootstrapUtils - Instantiating CacheAwareContextLoaderDelegate from class [org.springframework.test.context.cache.DefaultCacheAwareContextLoaderDelegate]
14:47:15.792 [Test worker] DEBUG org.springframework.test.context.BootstrapUtils - Instantiating BootstrapContext using constructor [public org.springframework.test.context.support.DefaultBootstrapContext(java.lang.Class,org.springframework.test.context.CacheAwareContextLoaderDelegate)]
14:47:15.825 [Test worker] DEBUG org.springframework.test.context.BootstrapUtils - Instantiating TestContextBootstrapper for test class [kr.ac.ks.app.repository.CourseRepositoryTest] from class [org.springframework.boot.test.context.SpringBootTestContextBootstrapper]
14:47:15.846 [Test worker] INFO org.springframework.boot.test.context.SpringBootTestContextBootstrapper - Neither @ContextConfiguration nor @ContextHierarchy found for test class [kr.ac.ks.app.repository.CourseRepositoryTest], using SpringBootContextLoader
14:47:15.851 [Test worker] DEBUG org.springframework.test.context.support.AbstractContextLoader - Did not detect default resource location for test class [kr.ac.ks.app.repository.CourseRepositoryTest]: class path resource [kr/ac/ks/app/repository/CourseRepositoryTest-context.xml] does not exist
14:47:15.852 [Test worker] DEBUG org.springframework.test.context.support.AbstractContextLoader - Did not detect default resource location for test class [kr.ac.ks.app.repository.CourseRepositoryTest]: class path resource [kr/ac/ks/app/repository/CourseRepositoryTestContext.groovy] does not exist
14:47:15.852 [Test worker] INFO org.springframework.test.context.support.AbstractContextLoader - Could not detect default resource locations for test class [kr.ac.ks.app.repository.CourseRepositoryTest]: no resource found for suffixes {-context.xml, Context.groovy}.
14:47:15.853 [Test worker] INFO org.springframework.test.context.support.AnnotationConfigContextLoaderUtils - Could not detect default configuration classes for test class [kr.ac.ks.app.repository.CourseRepositoryTest]: CourseRepositoryTest does not declare any static, non-private, non-final, nested classes annotated with @Configuration.
14:47:15.904 [Test worker] DEBUG org.springframework.test.context.support.ActiveProfilesUtils - Could not find an 'annotation declaring class' for annotation type [org.springframework.test.context.ActiveProfiles] and class [kr.ac.ks.app.repository.CourseRepositoryTest]
14:47:15.998 [Test worker] DEBUG org.springframework.context.annotation.ClassPathScanningCandidateComponentProvider - Identified candidate component class: file [C:\workspace\ks-web-jpa-master\build\classes\java\main\kr\ac\ks\app\AppApplication.class]
14:47:16.000 [Test worker] INFO org.springframework.boot.test.context.SpringBootTestContextBootstrapper - Found @SpringBootConfiguration kr.ac.ks.app.AppApplication for test class kr.ac.ks.app.repository.CourseRepositoryTest
14:47:16.132 [Test worker] DEBUG org.springframework.boot.test.context.SpringBootTestContextBootstrapper - @TestExecutionListeners is not present for class [kr.ac.ks.app.repository.CourseRepositoryTest]: using defaults.
14:47:16.133 [Test worker] INFO org.springframework.boot.test.context.SpringBootTestContextBootstrapper - Loaded default TestExecutionListener class names from location [META-INF/spring.factories]: [org.springframework.boot.test.autoconfigure.restdocs.RestDocsTestExecutionListener, org.springframework.boot.test.autoconfigure.web.client.MockRestServiceServerResetTestExecutionListener, org.springframework.boot.test.autoconfigure.web.servlet.MockMvcPrintOnlyOnFailureTestExecutionListener, org.springframework.boot.test.autoconfigure.web.servlet.WebDriverTestExecutionListener, org.springframework.boot.test.autoconfigure.webservices.client.MockWebServiceServerTestExecutionListener, org.springframework.boot.test.mock.mockito.MockitoTestExecutionListener, org.springframework.boot.test.mock.mockito.ResetMocksTestExecutionListener, org.springframework.test.context.web.ServletTestExecutionListener, org.springframework.test.context.support.DirtiesContextBeforeModesTestExecutionListener, org.springframework.test.context.support.DependencyInjectionTestExecutionListener, org.springframework.test.context.support.DirtiesContextTestExecutionListener, org.springframework.test.context.transaction.TransactionalTestExecutionListener, org.springframework.test.context.jdbc.SqlScriptsTestExecutionListener, org.springframework.test.context.event.EventPublishingTestExecutionListener]
14:47:16.160 [Test worker] INFO org.springframework.boot.test.context.SpringBootTestContextBootstrapper - Using TestExecutionListeners: [org.springframework.test.context.web.ServletTestExecutionListener@37a9962, org.springframework.test.context.support.DirtiesContextBeforeModesTestExecutionListener@4be39135, org.springframework.boot.test.mock.mockito.MockitoTestExecutionListener@316d7045, org.springframework.boot.test.autoconfigure.SpringBootDependencyInjectionTestExecutionListener@a6db59, org.springframework.test.context.support.DirtiesContextTestExecutionListener@5740f3a6, org.springframework.test.context.transaction.TransactionalTestExecutionListener@fdba42, org.springframework.test.context.jdbc.SqlScriptsTestExecutionListener@5ac80d40, org.springframework.test.context.event.EventPublishingTestExecutionListener@6c027953, org.springframework.boot.test.autoconfigure.restdocs.RestDocsTestExecutionListener@3c0f6ab6, org.springframework.boot.test.autoconfigure.web.client.MockRestServiceServerResetTestExecutionListener@51cdf8df, org.springframework.boot.test.autoconfigure.web.servlet.MockMvcPrintOnlyOnFailureTestExecutionListener@4bf55dab, org.springframework.boot.test.autoconfigure.web.servlet.WebDriverTestExecutionListener@34426d67, org.springframework.boot.test.autoconfigure.webservices.client.MockWebServiceServerTestExecutionListener@73dffb83, org.springframework.boot.test.mock.mockito.ResetMocksTestExecutionListener@4deafe27]
14:47:16.165 [Test worker] DEBUG org.springframework.test.context.support.AbstractDirtiesContextTestExecutionListener - Before test class: context [DefaultTestContext@4c016a8d testClass = CourseRepositoryTest, testInstance = [null], testMethod = [null], testException = [null], mergedContextConfiguration = [WebMergedContextConfiguration@3b9d927d testClass = CourseRepositoryTest, locations = '{}', classes = '{class kr.ac.ks.app.AppApplication}', contextInitializerClasses = '[]', activeProfiles = '{}', propertySourceLocations = '{}', propertySourceProperties = '{org.springframework.boot.test.context.SpringBootTestContextBootstrapper=true}', contextCustomizers = set[org.springframework.boot.test.autoconfigure.properties.PropertyMappingContextCustomizer@0, org.springframework.boot.test.autoconfigure.web.servlet.WebDriverContextCustomizerFactory$Customizer@7c81bfe0, org.springframework.boot.test.context.filter.ExcludeFilterContextCustomizer@68616ec0, org.springframework.boot.test.json.DuplicateJsonObjectContextCustomizerFactory$DuplicateJsonObjectContextCustomizer@395cf0f7, org.springframework.boot.test.mock.mockito.MockitoContextCustomizer@0, org.springframework.boot.test.web.client.TestRestTemplateContextCustomizer@c8ef82e, org.springframework.boot.test.context.SpringBootTestArgs@1], resourceBasePath = 'src/main/webapp', contextLoader = 'org.springframework.boot.test.context.SpringBootContextLoader', parent = [null]], attributes = map['org.springframework.test.context.web.ServletTestExecutionListener.activateListener' -> true]], class annotated with @DirtiesContext [false] with mode [null].
14:47:16.199 [Test worker] DEBUG org.springframework.test.context.support.TestPropertySourceUtils - Adding inlined properties to environment: {spring.jmx.enabled=false, org.springframework.boot.test.context.SpringBootTestContextBootstrapper=true}

  .   ____          _            __ _ _
 /\\ / ___'_ __ _ _(_)_ __  __ _ \ \ \ \
( ( )\___ | '_ | '_| | '_ \/ _` | \ \ \ \
 \\/  ___)| |_)| | | | | || (_| |  ) ) ) )
  '  |____| .__|_| |_|_| |_\__, | / / / /
 =========|_|==============|___/=/_/_/_/
 :: Spring Boot ::        (v2.3.0.RELEASE)

2020-06-24 14:47:16.599  INFO 1568 --- [    Test worker] k.a.k.a.repository.CourseRepositoryTest  : Starting CourseRepositoryTest on DESKTOP-0RH6NSA with PID 1568 (started by DB in C:\workspace\ks-web-jpa-master)
2020-06-24 14:47:16.600  INFO 1568 --- [    Test worker] k.a.k.a.repository.CourseRepositoryTest  : No active profile set, falling back to default profiles: default
2020-06-24 14:47:17.422  INFO 1568 --- [    Test worker] .s.d.r.c.RepositoryConfigurationDelegate : Bootstrapping Spring Data JPA repositories in DEFERRED mode.
2020-06-24 14:47:17.511  INFO 1568 --- [    Test worker] .s.d.r.c.RepositoryConfigurationDelegate : Finished Spring Data repository scanning in 77ms. Found 3 JPA repository interfaces.
2020-06-24 14:47:18.216  INFO 1568 --- [    Test worker] o.s.s.concurrent.ThreadPoolTaskExecutor  : Initializing ExecutorService 'applicationTaskExecutor'
2020-06-24 14:47:18.295  INFO 1568 --- [         task-1] o.hibernate.jpa.internal.util.LogHelper  : HHH000204: Processing PersistenceUnitInfo [name: default]
2020-06-24 14:47:18.379  INFO 1568 --- [         task-1] org.hibernate.Version                    : HHH000412: Hibernate ORM core version 5.4.15.Final
2020-06-24 14:47:18.611  WARN 1568 --- [    Test worker] JpaBaseConfiguration$JpaWebConfiguration : spring.jpa.open-in-view is enabled by default. Therefore, database queries may be performed during view rendering. Explicitly configure spring.jpa.open-in-view to disable this warning
2020-06-24 14:47:18.662  INFO 1568 --- [         task-1] o.hibernate.annotations.common.Version   : HCANN000001: Hibernate Commons Annotations {5.1.0.Final}
2020-06-24 14:47:18.859  INFO 1568 --- [         task-1] com.zaxxer.hikari.HikariDataSource       : HikariPool-1 - Starting...
2020-06-24 14:47:19.086  INFO 1568 --- [         task-1] com.zaxxer.hikari.HikariDataSource       : HikariPool-1 - Start completed.
2020-06-24 14:47:19.137  INFO 1568 --- [         task-1] org.hibernate.dialect.Dialect            : HHH000400: Using dialect: org.hibernate.dialect.H2Dialect
Hibernate: 
    
    drop table if exists course CASCADE 
Hibernate: 
    
    drop table if exists lesson CASCADE 
Hibernate: 
    
    drop table if exists student CASCADE 
Hibernate: 
    
    drop sequence if exists hibernate_sequence
Hibernate: create sequence hibernate_sequence start with 1 increment by 1
Hibernate: 
    
    create table course (
       id bigint not null,
        lesson_id bigint,
        student_id bigint,
        primary key (id)
    )
Hibernate: 
    
    create table lesson (
       id bigint not null,
        name varchar(255),
        quota integer not null,
        primary key (id)
    )
Hibernate: 
    
    create table student (
       id bigint not null,
        email varchar(255),
        name varchar(255),
        primary key (id)
    )
Hibernate: 
    
    alter table course 
       add constraint FKgo5ajmgf91x798mpte7pt52pu 
       foreign key (lesson_id) 
       references lesson
Hibernate: 
    
    alter table course 
       add constraint FKs8aqr642dup1oio7xa51t5vw5 
       foreign key (student_id) 
       references student
2020-06-24 14:47:20.143  INFO 1568 --- [         task-1] o.h.e.t.j.p.i.JtaPlatformInitiator       : HHH000490: Using JtaPlatform implementation: [org.hibernate.engine.transaction.jta.platform.internal.NoJtaPlatform]
2020-06-24 14:47:20.155  INFO 1568 --- [         task-1] j.LocalContainerEntityManagerFactoryBean : Initialized JPA EntityManagerFactory for persistence unit 'default'
2020-06-24 14:47:20.905  INFO 1568 --- [    Test worker] o.s.b.a.w.s.WelcomePageHandlerMapping    : Adding welcome page template: index
2020-06-24 14:47:21.252  INFO 1568 --- [    Test worker] o.s.b.a.h2.H2ConsoleAutoConfiguration    : H2 console available at '/h2-console'. Database available at 'jdbc:h2:mem:test'
2020-06-24 14:47:21.359  INFO 1568 --- [    Test worker] DeferredRepositoryInitializationListener : Triggering deferred initialization of Spring Data repositories…
2020-06-24 14:47:21.577  INFO 1568 --- [    Test worker] DeferredRepositoryInitializationListener : Spring Data repositories initialized!
2020-06-24 14:47:21.585  INFO 1568 --- [    Test worker] k.a.k.a.repository.CourseRepositoryTest  : Started CourseRepositoryTest in 5.375 seconds (JVM running for 6.813)
Hibernate: 
    call next value for hibernate_sequence
Hibernate: 
    insert 
    into
        student
        (email, name, id) 
    values
        (?, ?, ?)
Hibernate: 
    call next value for hibernate_sequence
Hibernate: 
    insert 
    into
        student
        (email, name, id) 
    values
        (?, ?, ?)
Hibernate: 
    call next value for hibernate_sequence
Hibernate: 
    insert 
    into
        lesson
        (name, quota, id) 
    values
        (?, ?, ?)
Hibernate: 
    call next value for hibernate_sequence
Hibernate: 
    insert 
    into
        lesson
        (name, quota, id) 
    values
        (?, ?, ?)
Hibernate: 
    call next value for hibernate_sequence
Hibernate: 
    insert 
    into
        student
        (email, name, id) 
    values
        (?, ?, ?)
Hibernate: 
    call next value for hibernate_sequence
Hibernate: 
    insert 
    into
        lesson
        (name, quota, id) 
    values
        (?, ?, ?)
Hibernate: 
    call next value for hibernate_sequence
Hibernate: 
    insert 
    into
        course
        (lesson_id, student_id, id) 
    values
        (?, ?, ?)
Hibernate: 
    call next value for hibernate_sequence
Hibernate: 
    insert 
    into
        student
        (email, name, id) 
    values
        (?, ?, ?)
Hibernate: 
    call next value for hibernate_sequence
Hibernate: 
    insert 
    into
        lesson
        (name, quota, id) 
    values
        (?, ?, ?)
Hibernate: 
    call next value for hibernate_sequence
Hibernate: 
    insert 
    into
        course
        (lesson_id, student_id, id) 
    values
        (?, ?, ?)
Hibernate: 
    call next value for hibernate_sequence
Hibernate: 
    insert 
    into
        student
        (email, name, id) 
    values
        (?, ?, ?)
Hibernate: 
    call next value for hibernate_sequence
Hibernate: 
    insert 
    into
        lesson
        (name, quota, id) 
    values
        (?, ?, ?)
Hibernate: 
    call next value for hibernate_sequence
Hibernate: 
    insert 
    into
        student
        (email, name, id) 
    values
        (?, ?, ?)
Hibernate: 
    call next value for hibernate_sequence
Hibernate: 
    insert 
    into
        lesson
        (name, quota, id) 
    values
        (?, ?, ?)
Hibernate: 
    call next value for hibernate_sequence
Hibernate: 
    insert 
    into
        course
        (lesson_id, student_id, id) 
    values
        (?, ?, ?)
]]></system-out>
  <system-err><![CDATA[]]></system-err>
</testsuite>
